[2021-04-01 23:06:14,754] DEBUG in root: Requests logging enabled
[2021-04-01 23:06:25,027] DEBUG in root: Upstream URL: http://localhost:8081/users/login
[2021-04-01 23:15:40,531] DEBUG in root: Requests logging enabled
[2021-04-01 23:16:01,533] DEBUG in root: Upstream URL: http://localhost:8081/users/login
[2021-04-01 23:17:15,140] DEBUG in root: Upstream URL: http://localhost:8082/timeline/bubbly_snowflake
[2021-04-01 23:21:45,226] DEBUG in root: Requests logging enabled
[2021-04-01 23:23:29,206] DEBUG in root: Requests logging enabled
[2021-04-01 23:24:45,820] DEBUG in root: Requests logging enabled
[2021-04-01 23:25:16,477] DEBUG in root: Requests logging enabled
[2021-04-01 23:28:31,242] DEBUG in root: Requests logging enabled
[2021-04-01 23:29:51,203] DEBUG in root: Requests logging enabled
[2021-04-01 23:30:04,509] DEBUG in root: Upstream URL: http://localhost:8082/timeline/bubbly_snowflake
[2021-04-01 23:30:04,525] ERROR in root: HTTPConnectionPool(host='localhost', port=8082): Max retries exceeded with url: /timeline/bubbly_snowflake (Caused by NewConnectionError('<urllib3.connection.HTTPConnection object at 0x1083a16a0>: Failed to establish a new connection: [Errno 61] Connection refused'))
Traceback (most recent call last):
  File "/Users/divya/opt/anaconda3/lib/python3.8/site-packages/urllib3/connection.py", line 159, in _new_conn
    conn = connection.create_connection(
  File "/Users/divya/opt/anaconda3/lib/python3.8/site-packages/urllib3/util/connection.py", line 84, in create_connection
    raise err
  File "/Users/divya/opt/anaconda3/lib/python3.8/site-packages/urllib3/util/connection.py", line 74, in create_connection
    sock.connect(sa)
ConnectionRefusedError: [Errno 61] Connection refused

During handling of the above exception, another exception occurred:

Traceback (most recent call last):
  File "/Users/divya/opt/anaconda3/lib/python3.8/site-packages/urllib3/connectionpool.py", line 670, in urlopen
    httplib_response = self._make_request(
  File "/Users/divya/opt/anaconda3/lib/python3.8/site-packages/urllib3/connectionpool.py", line 392, in _make_request
    conn.request(method, url, **httplib_request_kw)
  File "/Users/divya/opt/anaconda3/lib/python3.8/http/client.py", line 1255, in request
    self._send_request(method, url, body, headers, encode_chunked)
  File "/Users/divya/opt/anaconda3/lib/python3.8/http/client.py", line 1301, in _send_request
    self.endheaders(body, encode_chunked=encode_chunked)
  File "/Users/divya/opt/anaconda3/lib/python3.8/http/client.py", line 1250, in endheaders
    self._send_output(message_body, encode_chunked=encode_chunked)
  File "/Users/divya/opt/anaconda3/lib/python3.8/http/client.py", line 1010, in _send_output
    self.send(msg)
  File "/Users/divya/opt/anaconda3/lib/python3.8/http/client.py", line 950, in send
    self.connect()
  File "/Users/divya/opt/anaconda3/lib/python3.8/site-packages/urllib3/connection.py", line 187, in connect
    conn = self._new_conn()
  File "/Users/divya/opt/anaconda3/lib/python3.8/site-packages/urllib3/connection.py", line 171, in _new_conn
    raise NewConnectionError(
urllib3.exceptions.NewConnectionError: <urllib3.connection.HTTPConnection object at 0x1083a16a0>: Failed to establish a new connection: [Errno 61] Connection refused

During handling of the above exception, another exception occurred:

Traceback (most recent call last):
  File "/Users/divya/opt/anaconda3/lib/python3.8/site-packages/requests/adapters.py", line 439, in send
    resp = conn.urlopen(
  File "/Users/divya/opt/anaconda3/lib/python3.8/site-packages/urllib3/connectionpool.py", line 726, in urlopen
    retries = retries.increment(
  File "/Users/divya/opt/anaconda3/lib/python3.8/site-packages/urllib3/util/retry.py", line 446, in increment
    raise MaxRetryError(_pool, url, error or ResponseError(cause))
urllib3.exceptions.MaxRetryError: HTTPConnectionPool(host='localhost', port=8082): Max retries exceeded with url: /timeline/bubbly_snowflake (Caused by NewConnectionError('<urllib3.connection.HTTPConnection object at 0x1083a16a0>: Failed to establish a new connection: [Errno 61] Connection refused'))

During handling of the above exception, another exception occurred:

Traceback (most recent call last):
  File "./gateway.py", line 98, in gateway
    upstream_response = requests.request(
  File "/Users/divya/opt/anaconda3/lib/python3.8/site-packages/requests/api.py", line 61, in request
    return session.request(method=method, url=url, **kwargs)
  File "/Users/divya/opt/anaconda3/lib/python3.8/site-packages/requests/sessions.py", line 530, in request
    resp = self.send(prep, **send_kwargs)
  File "/Users/divya/opt/anaconda3/lib/python3.8/site-packages/requests/sessions.py", line 643, in send
    r = adapter.send(request, **kwargs)
  File "/Users/divya/opt/anaconda3/lib/python3.8/site-packages/requests/adapters.py", line 516, in send
    raise ConnectionError(e, request=request)
requests.exceptions.ConnectionError: HTTPConnectionPool(host='localhost', port=8082): Max retries exceeded with url: /timeline/bubbly_snowflake (Caused by NewConnectionError('<urllib3.connection.HTTPConnection object at 0x1083a16a0>: Failed to establish a new connection: [Errno 61] Connection refused'))
[2021-04-01 23:31:01,808] DEBUG in root: Requests logging enabled
[2021-04-01 23:31:57,718] DEBUG in root: Requests logging enabled
[2021-04-01 23:32:09,686] DEBUG in root: Requests logging enabled
[2021-04-01 23:33:05,719] DEBUG in root: Requests logging enabled
[2021-04-01 23:33:37,892] DEBUG in root: Requests logging enabled
[2021-04-01 23:35:10,351] DEBUG in root: Requests logging enabled
[2021-04-01 23:35:12,276] DEBUG in root: Requests logging enabled
[2021-04-01 23:35:14,380] DEBUG in root: Requests logging enabled
[2021-04-01 23:35:16,384] DEBUG in root: Requests logging enabled
[2021-04-01 23:35:18,362] DEBUG in root: Requests logging enabled
[2021-04-01 23:35:20,284] DEBUG in root: Requests logging enabled
[2021-04-01 23:35:22,321] DEBUG in root: Requests logging enabled
[2021-04-01 23:35:24,444] DEBUG in root: Requests logging enabled
[2021-04-01 23:35:26,518] DEBUG in root: Requests logging enabled
[2021-04-01 23:36:38,763] DEBUG in root: Requests logging enabled
[2021-04-01 23:36:40,716] DEBUG in root: Requests logging enabled
[2021-04-01 23:36:42,681] DEBUG in root: Requests logging enabled
[2021-04-01 23:36:44,715] DEBUG in root: Requests logging enabled
[2021-04-01 23:38:05,690] DEBUG in root: Requests logging enabled
[2021-04-01 23:38:07,921] DEBUG in root: Requests logging enabled
[2021-04-01 23:38:10,075] DEBUG in root: Requests logging enabled
[2021-04-01 23:38:12,097] DEBUG in root: Requests logging enabled
[2021-04-01 23:38:14,084] DEBUG in root: Requests logging enabled
[2021-04-01 23:38:16,127] DEBUG in root: Requests logging enabled
[2021-04-01 23:39:11,140] DEBUG in root: Requests logging enabled
[2021-04-01 23:39:13,787] DEBUG in root: Requests logging enabled
[2021-04-01 23:39:16,860] DEBUG in root: Requests logging enabled
[2021-04-01 23:39:19,914] DEBUG in root: Requests logging enabled
[2021-04-01 23:39:22,853] DEBUG in root: Requests logging enabled
[2021-04-01 23:39:38,716] DEBUG in root: Requests logging enabled
[2021-04-01 23:41:28,280] DEBUG in root: Requests logging enabled
[2021-04-01 23:44:55,361] DEBUG in root: Requests logging enabled
[2021-04-01 23:49:44,001] DEBUG in root: Requests logging enabled
[2021-04-01 23:50:13,658] DEBUG in root: Requests logging enabled
[2021-04-01 23:50:44,326] DEBUG in root: Requests logging enabled
[2021-04-01 23:51:16,603] DEBUG in root: Requests logging enabled
[2021-04-01 23:52:20,998] DEBUG in root: Requests logging enabled
[2021-04-01 23:55:35,908] DEBUG in root: Requests logging enabled
[2021-04-01 23:55:37,747] DEBUG in root: Requests logging enabled
[2021-04-01 23:55:39,793] DEBUG in root: Requests logging enabled
[2021-04-01 23:55:41,803] DEBUG in root: Requests logging enabled
[2021-04-01 23:55:43,796] DEBUG in root: Requests logging enabled
[2021-04-01 23:55:45,924] DEBUG in root: Requests logging enabled
[2021-04-01 23:56:30,065] DEBUG in root: Requests logging enabled
[2021-04-01 23:56:31,954] DEBUG in root: Requests logging enabled
[2021-04-01 23:56:33,999] DEBUG in root: Requests logging enabled
[2021-04-01 23:56:35,956] DEBUG in root: Requests logging enabled
[2021-04-01 23:56:37,972] DEBUG in root: Requests logging enabled
[2021-04-01 23:56:58,955] DEBUG in root: Requests logging enabled
[2021-04-01 23:57:01,075] DEBUG in root: Requests logging enabled
[2021-04-02 00:03:17,635] DEBUG in root: Requests logging enabled
[2021-04-02 00:03:19,906] DEBUG in root: Requests logging enabled
[2021-04-02 00:03:22,661] DEBUG in root: Requests logging enabled
[2021-04-02 00:03:24,284] DEBUG in root: Requests logging enabled
[2021-04-02 00:03:26,296] DEBUG in root: Requests logging enabled
[2021-04-02 00:03:28,301] DEBUG in root: Requests logging enabled
[2021-04-02 00:03:30,932] DEBUG in root: Requests logging enabled
[2021-04-02 00:03:32,463] DEBUG in root: Requests logging enabled
[2021-04-02 00:03:34,585] DEBUG in root: Requests logging enabled
[2021-04-02 00:03:36,347] DEBUG in root: Requests logging enabled
[2021-04-02 00:03:38,431] DEBUG in root: Requests logging enabled
[2021-04-02 00:03:40,480] DEBUG in root: Requests logging enabled
[2021-04-02 00:03:42,389] DEBUG in root: Requests logging enabled
[2021-04-02 00:03:44,370] DEBUG in root: Requests logging enabled
[2021-04-02 00:03:46,408] DEBUG in root: Requests logging enabled
[2021-04-02 00:03:48,387] DEBUG in root: Requests logging enabled
[2021-04-02 00:03:50,373] DEBUG in root: Requests logging enabled
[2021-04-02 00:03:52,383] DEBUG in root: Requests logging enabled
[2021-04-02 00:03:54,376] DEBUG in root: Requests logging enabled
[2021-04-02 00:03:56,389] DEBUG in root: Requests logging enabled
[2021-04-02 00:03:58,409] DEBUG in root: Requests logging enabled
[2021-04-02 00:04:00,403] DEBUG in root: Requests logging enabled
[2021-04-02 00:04:02,412] DEBUG in root: Requests logging enabled
[2021-04-02 00:04:04,435] DEBUG in root: Requests logging enabled
[2021-04-02 00:04:07,056] DEBUG in root: Requests logging enabled
[2021-04-02 00:04:08,962] DEBUG in root: Requests logging enabled
[2021-04-02 00:04:11,560] DEBUG in root: Requests logging enabled
[2021-04-02 00:04:13,699] DEBUG in root: Requests logging enabled
[2021-04-02 00:04:16,225] DEBUG in root: Requests logging enabled
[2021-04-02 00:04:18,725] DEBUG in root: Requests logging enabled
[2021-04-02 00:04:20,657] DEBUG in root: Requests logging enabled
[2021-04-02 00:04:22,625] DEBUG in root: Requests logging enabled
[2021-04-02 00:04:24,681] DEBUG in root: Requests logging enabled
[2021-04-02 00:04:26,664] DEBUG in root: Requests logging enabled
[2021-04-02 00:04:28,669] DEBUG in root: Requests logging enabled
[2021-04-02 00:04:30,680] DEBUG in root: Requests logging enabled
[2021-04-02 00:04:32,654] DEBUG in root: Requests logging enabled
[2021-04-02 00:04:34,656] DEBUG in root: Requests logging enabled
[2021-04-02 00:04:36,736] DEBUG in root: Requests logging enabled
[2021-04-02 00:04:39,362] DEBUG in root: Requests logging enabled
[2021-04-02 00:04:41,125] DEBUG in root: Requests logging enabled
[2021-04-02 00:04:42,788] DEBUG in root: Requests logging enabled
[2021-04-02 00:04:45,530] DEBUG in root: Requests logging enabled
[2021-04-02 00:04:48,046] DEBUG in root: Requests logging enabled
[2021-04-02 00:05:05,845] DEBUG in root: Requests logging enabled
[2021-04-02 00:05:07,901] DEBUG in root: Requests logging enabled
[2021-04-02 00:05:09,917] DEBUG in root: Requests logging enabled
[2021-04-02 00:05:12,006] DEBUG in root: Requests logging enabled
[2021-04-02 00:05:13,965] DEBUG in root: Requests logging enabled
[2021-04-02 00:05:15,996] DEBUG in root: Requests logging enabled
[2021-04-02 00:05:17,992] DEBUG in root: Requests logging enabled
[2021-04-02 00:05:20,005] DEBUG in root: Requests logging enabled
[2021-04-02 00:05:21,996] DEBUG in root: Requests logging enabled
[2021-04-02 00:05:24,010] DEBUG in root: Requests logging enabled
[2021-04-02 00:05:26,026] DEBUG in root: Requests logging enabled
[2021-04-02 00:05:28,792] DEBUG in root: Requests logging enabled
[2021-04-02 00:05:31,033] DEBUG in root: Requests logging enabled
[2021-04-02 00:05:33,058] DEBUG in root: Requests logging enabled
[2021-04-02 00:05:35,014] DEBUG in root: Requests logging enabled
[2021-04-02 00:05:37,025] DEBUG in root: Requests logging enabled
[2021-04-02 00:05:39,724] DEBUG in root: Requests logging enabled
[2021-04-02 00:05:50,855] DEBUG in root: Requests logging enabled
[2021-04-02 00:06:04,377] DEBUG in root: Requests logging enabled
[2021-04-02 00:08:07,081] DEBUG in root: Requests logging enabled
[2021-04-02 00:12:20,515] DEBUG in root: Requests logging enabled
[2021-04-02 00:12:30,693] DEBUG in root: Requests logging enabled
[2021-04-02 00:13:02,858] DEBUG in root: Requests logging enabled
[2021-04-02 00:13:04,974] DEBUG in root: Requests logging enabled
[2021-04-02 00:13:07,954] DEBUG in root: Requests logging enabled
[2021-04-02 00:13:10,843] DEBUG in root: Requests logging enabled
[2021-04-02 00:13:12,798] DEBUG in root: Requests logging enabled
[2021-04-02 00:13:43,339] DEBUG in root: Requests logging enabled
[2021-04-02 00:13:53,824] DEBUG in root: Requests logging enabled
[2021-04-02 00:17:37,047] DEBUG in root: Requests logging enabled
[2021-04-02 00:17:48,072] DEBUG in root: Requests logging enabled
[2021-04-02 00:24:08,698] DEBUG in root: Requests logging enabled
[2021-04-02 00:24:55,992] DEBUG in root: Requests logging enabled
